[ 2017-05-12T09:31:23+08:00 ] ::1 /ShareBooks/index.php/Home/User/login.html
INFO: [ app_init ] --START--
INFO: Run Behavior\BuildLiteBehavior [ RunTime:0.000026s ]
INFO: [ app_init ] --END-- [ RunTime:0.015510s ]
INFO: [ app_begin ] --START--
INFO: Run Behavior\ReadHtmlCacheBehavior [ RunTime:0.001229s ]
INFO: [ app_begin ] --END-- [ RunTime:0.001450s ]
INFO: [ view_parse ] --START--
INFO: [ template_filter ] --START--
INFO: Run Behavior\ContentReplaceBehavior [ RunTime:0.015742s ]
INFO: [ template_filter ] --END-- [ RunTime:0.015872s ]
INFO: Run Behavior\ParseTemplateBehavior [ RunTime:0.059476s ]
INFO: [ view_parse ] --END-- [ RunTime:0.059614s ]
INFO: [ view_filter ] --START--
INFO: Run Behavior\WriteHtmlCacheBehavior [ RunTime:0.000751s ]
INFO: [ view_filter ] --END-- [ RunTime:0.000861s ]
INFO: [ app_end ] --START--
INFO: Run Behavior\ShowPageTraceBehavior [ RunTime:0.011692s ]
INFO: [ app_end ] --END-- [ RunTime:0.011843s ]

[ 2017-05-12T09:31:30+08:00 ] ::1 /ShareBooks/index.php/Home/User/signData.html
INFO: [ app_init ] --START--
INFO: Run Behavior\BuildLiteBehavior [ RunTime:0.000052s ]
INFO: [ app_init ] --END-- [ RunTime:0.000724s ]
INFO: [ app_begin ] --START--
INFO: Run Behavior\ReadHtmlCacheBehavior [ RunTime:0.000523s ]
INFO: [ app_begin ] --END-- [ RunTime:0.000654s ]
NOTIC: [8] Undefined index: pwd E:\wamp64\www\ShareBooks\Application\Home\Controller\UserController.class.php 第 76 行.
SQL: SHOW COLUMNS FROM `users` [ RunTime:0.1112s ]
SQL: SELECT * FROM `users` WHERE ( username='hanry' )  [ RunTime:0.0118s ]

[ 2017-05-12T09:31:32+08:00 ] ::1 /ShareBooks/index.php/Home/User/vertifySign.html
INFO: [ app_init ] --START--
INFO: Run Behavior\BuildLiteBehavior [ RunTime:0.000023s ]
INFO: [ app_init ] --END-- [ RunTime:0.000373s ]
INFO: [ app_begin ] --START--
INFO: Run Behavior\ReadHtmlCacheBehavior [ RunTime:0.000382s ]
INFO: [ app_begin ] --END-- [ RunTime:0.000476s ]
SQL: SHOW COLUMNS FROM `users` [ RunTime:0.0010s ]
SQL: SELECT * FROM `users` WHERE ( username='hanry' and password='e10adc3949ba59abbe56e057f20f883e' )  [ RunTime:0.0208s ]

[ 2017-05-12T09:31:32+08:00 ] ::1 /ShareBooks/index.php/Home/User/login.html
INFO: [ app_init ] --START--
INFO: Run Behavior\BuildLiteBehavior [ RunTime:0.000039s ]
INFO: [ app_init ] --END-- [ RunTime:0.000523s ]
INFO: [ app_begin ] --START--
INFO: Run Behavior\ReadHtmlCacheBehavior [ RunTime:0.000848s ]
INFO: [ app_begin ] --END-- [ RunTime:0.001139s ]
INFO: [ view_parse ] --START--
INFO: [ template_filter ] --START--
INFO: Run Behavior\ContentReplaceBehavior [ RunTime:0.000101s ]
INFO: [ template_filter ] --END-- [ RunTime:0.000238s ]
INFO: Run Behavior\ParseTemplateBehavior [ RunTime:0.010130s ]
INFO: [ view_parse ] --END-- [ RunTime:0.010318s ]
INFO: [ view_filter ] --START--
INFO: Run Behavior\WriteHtmlCacheBehavior [ RunTime:0.000707s ]
INFO: [ view_filter ] --END-- [ RunTime:0.000949s ]
INFO: [ app_end ] --START--
INFO: Run Behavior\ShowPageTraceBehavior [ RunTime:0.000569s ]
INFO: [ app_end ] --END-- [ RunTime:0.000703s ]

[ 2017-05-12T09:31:33+08:00 ] ::1 /ShareBooks/index.php/Home/Index/index.html
INFO: [ app_init ] --START--
INFO: Run Behavior\BuildLiteBehavior [ RunTime:0.000025s ]
INFO: [ app_init ] --END-- [ RunTime:0.000412s ]
INFO: [ app_begin ] --START--
INFO: Run Behavior\ReadHtmlCacheBehavior [ RunTime:0.000400s ]
INFO: [ app_begin ] --END-- [ RunTime:0.000513s ]
SQL: SHOW COLUMNS FROM `users` [ RunTime:0.0009s ]
SQL: SELECT `userid` FROM `users` WHERE ( username='hanry' ) LIMIT 1   [ RunTime:0.0003s ]
SQL: SHOW COLUMNS FROM `notice` [ RunTime:0.0443s ]
SQL: SELECT * FROM `notice`  [ RunTime:0.0003s ]
SQL: SELECT * FROM `notice` ORDER BY notice_id desc  [ RunTime:0.0006s ]
SQL: SHOW COLUMNS FROM `upload_img` [ RunTime:0.0159s ]
SQL: SELECT * FROM `upload_img` ORDER BY create_time desc  [ RunTime:0.0013s ]
SQL: select a.*,b.*,c.* from zx_img a,zx_books b,categories c where a.zx_id = b.zx_id and b.catid = c.catid [ RunTime:0.0848s ]
INFO: [ view_parse ] --START--
INFO: [ template_filter ] --START--
INFO: Run Behavior\ContentReplaceBehavior [ RunTime:0.000257s ]
INFO: [ template_filter ] --END-- [ RunTime:0.000455s ]
NOTIC: [8] Undefined index: create_time E:\wamp64\www\ShareBooks\Application\Runtime\Cache\Home\2a94b8bda04ff446dcedd42276fc99ee.php 第 243 行.
NOTIC: [8] Undefined index: title E:\wamp64\www\ShareBooks\Application\Runtime\Cache\Home\2a94b8bda04ff446dcedd42276fc99ee.php 第 243 行.
NOTIC: [8] Undefined index: create_time E:\wamp64\www\ShareBooks\Application\Runtime\Cache\Home\2a94b8bda04ff446dcedd42276fc99ee.php 第 243 行.
NOTIC: [8] Undefined index: title E:\wamp64\www\ShareBooks\Application\Runtime\Cache\Home\2a94b8bda04ff446dcedd42276fc99ee.php 第 243 行.
NOTIC: [8] Undefined index: create_time E:\wamp64\www\ShareBooks\Application\Runtime\Cache\Home\2a94b8bda04ff446dcedd42276fc99ee.php 第 243 行.
NOTIC: [8] Undefined index: title E:\wamp64\www\ShareBooks\Application\Runtime\Cache\Home\2a94b8bda04ff446dcedd42276fc99ee.php 第 243 行.
NOTIC: [8] Undefined index: create_time E:\wamp64\www\ShareBooks\Application\Runtime\Cache\Home\2a94b8bda04ff446dcedd42276fc99ee.php 第 243 行.
NOTIC: [8] Undefined index: title E:\wamp64\www\ShareBooks\Application\Runtime\Cache\Home\2a94b8bda04ff446dcedd42276fc99ee.php 第 243 行.
NOTIC: [8] Undefined index: create_time E:\wamp64\www\ShareBooks\Application\Runtime\Cache\Home\2a94b8bda04ff446dcedd42276fc99ee.php 第 243 行.
NOTIC: [8] Undefined index: title E:\wamp64\www\ShareBooks\Application\Runtime\Cache\Home\2a94b8bda04ff446dcedd42276fc99ee.php 第 243 行.
NOTIC: [8] Undefined index: create_time E:\wamp64\www\ShareBooks\Application\Runtime\Cache\Home\2a94b8bda04ff446dcedd42276fc99ee.php 第 243 行.
NOTIC: [8] Undefined index: title E:\wamp64\www\ShareBooks\Application\Runtime\Cache\Home\2a94b8bda04ff446dcedd42276fc99ee.php 第 243 行.
NOTIC: [8] Undefined index: create_time E:\wamp64\www\ShareBooks\Application\Runtime\Cache\Home\2a94b8bda04ff446dcedd42276fc99ee.php 第 243 行.
NOTIC: [8] Undefined index: title E:\wamp64\www\ShareBooks\Application\Runtime\Cache\Home\2a94b8bda04ff446dcedd42276fc99ee.php 第 243 行.
NOTIC: [8] Undefined index: create_time E:\wamp64\www\ShareBooks\Application\Runtime\Cache\Home\2a94b8bda04ff446dcedd42276fc99ee.php 第 243 行.
NOTIC: [8] Undefined index: title E:\wamp64\www\ShareBooks\Application\Runtime\Cache\Home\2a94b8bda04ff446dcedd42276fc99ee.php 第 243 行.
NOTIC: [8] Undefined variable: page E:\wamp64\www\ShareBooks\Application\Runtime\Cache\Home\2a94b8bda04ff446dcedd42276fc99ee.php 第 248 行.
INFO: Run Behavior\ParseTemplateBehavior [ RunTime:0.200097s ]
INFO: [ view_parse ] --END-- [ RunTime:0.200219s ]
INFO: [ view_filter ] --START--
INFO: Run Behavior\WriteHtmlCacheBehavior [ RunTime:0.000374s ]
INFO: [ view_filter ] --END-- [ RunTime:0.000510s ]
INFO: [ app_end ] --START--
INFO: Run Behavior\ShowPageTraceBehavior [ RunTime:0.001643s ]
INFO: [ app_end ] --END-- [ RunTime:0.001913s ]

[ 2017-05-12T09:31:36+08:00 ] ::1 /ShareBooks/index.php/Home/Mine/mine.html
INFO: [ app_init ] --START--
INFO: Run Behavior\BuildLiteBehavior [ RunTime:0.000024s ]
INFO: [ app_init ] --END-- [ RunTime:0.000379s ]
INFO: [ app_begin ] --START--
INFO: Run Behavior\ReadHtmlCacheBehavior [ RunTime:0.000414s ]
INFO: [ app_begin ] --END-- [ RunTime:0.000547s ]
INFO: [ view_parse ] --START--
INFO: [ template_filter ] --START--
INFO: Run Behavior\ContentReplaceBehavior [ RunTime:0.000147s ]
INFO: [ template_filter ] --END-- [ RunTime:0.000275s ]
INFO: Run Behavior\ParseTemplateBehavior [ RunTime:0.047700s ]
INFO: [ view_parse ] --END-- [ RunTime:0.048010s ]
INFO: [ view_filter ] --START--
INFO: Run Behavior\WriteHtmlCacheBehavior [ RunTime:0.000987s ]
INFO: [ view_filter ] --END-- [ RunTime:0.001238s ]
INFO: [ app_end ] --START--
INFO: Run Behavior\ShowPageTraceBehavior [ RunTime:0.001160s ]
INFO: [ app_end ] --END-- [ RunTime:0.001417s ]

[ 2017-05-12T09:31:50+08:00 ] ::1 /ShareBooks/index.php/Home/User/editStock.html
INFO: [ app_init ] --START--
INFO: Run Behavior\BuildLiteBehavior [ RunTime:0.000045s ]
INFO: [ app_init ] --END-- [ RunTime:0.000773s ]
INFO: [ app_begin ] --START--
INFO: Run Behavior\ReadHtmlCacheBehavior [ RunTime:0.001339s ]
INFO: [ app_begin ] --END-- [ RunTime:0.001742s ]
SQL: SHOW COLUMNS FROM `book_img` [ RunTime:0.0192s ]
SQL: SELECT * FROM `book_img` ORDER BY book_id desc LIMIT 1   [ RunTime:0.0005s ]
SQL: SHOW COLUMNS FROM `categories` [ RunTime:0.0007s ]
SQL: SELECT * FROM `categories`  [ RunTime:0.0002s ]
SQL: select a.*,b.*,c.* from book_img a,user_books b,categories c where a.book_id = b.book_id and b.catid = c.catid and b.userid='1' [ RunTime:0.0851s ]
SQL: select a.*,b.*,c.* from borrow_books a,user_books b,users c where a.book_id = b.book_id and c.userid = b.userid [ RunTime:0.0132s ]
INFO: [ view_parse ] --START--
INFO: [ template_filter ] --START--
INFO: Run Behavior\ContentReplaceBehavior [ RunTime:0.000145s ]
INFO: [ template_filter ] --END-- [ RunTime:0.000270s ]
INFO: Run Behavior\ParseTemplateBehavior [ RunTime:0.024992s ]
INFO: [ view_parse ] --END-- [ RunTime:0.025189s ]
INFO: [ view_filter ] --START--
INFO: Run Behavior\WriteHtmlCacheBehavior [ RunTime:0.000420s ]
INFO: [ view_filter ] --END-- [ RunTime:0.000572s ]
INFO: [ app_end ] --START--
INFO: Run Behavior\ShowPageTraceBehavior [ RunTime:0.000544s ]
INFO: [ app_end ] --END-- [ RunTime:0.000675s ]

