[ 2017-05-16T11:23:04+08:00 ] ::1 /ShareBooks/admin.php/Home/Manage/manage.html
INFO: [ app_init ] --START--
INFO: Run Behavior\BuildLiteBehavior [ RunTime:0.000039s ]
INFO: [ app_init ] --END-- [ RunTime:0.000554s ]
INFO: [ app_begin ] --START--
INFO: Run Behavior\ReadHtmlCacheBehavior [ RunTime:0.000654s ]
INFO: [ app_begin ] --END-- [ RunTime:0.000815s ]
SQL: SHOW COLUMNS FROM `notice` [ RunTime:0.0006s ]
SQL: SELECT * FROM `notice`  [ RunTime:0.0002s ]
SQL: SHOW COLUMNS FROM `upload_img` [ RunTime:0.0011s ]
SQL: SELECT * FROM `upload_img` ORDER BY create_time desc  [ RunTime:0.0003s ]
SQL: SHOW COLUMNS FROM `zx_img` [ RunTime:0.0007s ]
SQL: SELECT * FROM `zx_img` ORDER BY zx_id desc LIMIT 1   [ RunTime:0.0002s ]
SQL: select a.*,b.*,c.* from zx_img a,zx_books b,categories c where a.zx_id = b.zx_id and b.catid = c.catid [ RunTime:0.0007s ]
SQL: SHOW COLUMNS FROM `categories` [ RunTime:0.0014s ]
SQL: SELECT * FROM `categories`  [ RunTime:0.0002s ]
SQL: SHOW COLUMNS FROM `sb_img` [ RunTime:0.0007s ]
SQL: SELECT * FROM `sb_img` ORDER BY create_time desc  [ RunTime:0.0002s ]
SQL: SELECT * FROM `categories`  [ RunTime:0.0001s ]
INFO: [ view_parse ] --START--
INFO: [ template_filter ] --START--
INFO: Run Behavior\ContentReplaceBehavior [ RunTime:0.000238s ]
INFO: [ template_filter ] --END-- [ RunTime:0.000370s ]
NOTIC: [2] Illegal string offset 'id' E:\wamp64\www\ShareBooks\Admin\Runtime\Cache\Home\105662cd2b8673263ad7cbcfc01857c9.php 第 191 行.
NOTIC: [2] Illegal string offset 'id' E:\wamp64\www\ShareBooks\Admin\Runtime\Cache\Home\105662cd2b8673263ad7cbcfc01857c9.php 第 191 行.
NOTIC: [2] Illegal string offset 'img_url' E:\wamp64\www\ShareBooks\Admin\Runtime\Cache\Home\105662cd2b8673263ad7cbcfc01857c9.php 第 198 行.
NOTIC: [2] Illegal string offset 'id' E:\wamp64\www\ShareBooks\Admin\Runtime\Cache\Home\105662cd2b8673263ad7cbcfc01857c9.php 第 191 行.
NOTIC: [2] Illegal string offset 'id' E:\wamp64\www\ShareBooks\Admin\Runtime\Cache\Home\105662cd2b8673263ad7cbcfc01857c9.php 第 191 行.
NOTIC: [2] Illegal string offset 'img_url' E:\wamp64\www\ShareBooks\Admin\Runtime\Cache\Home\105662cd2b8673263ad7cbcfc01857c9.php 第 198 行.
NOTIC: [2] Illegal string offset 'id' E:\wamp64\www\ShareBooks\Admin\Runtime\Cache\Home\105662cd2b8673263ad7cbcfc01857c9.php 第 191 行.
NOTIC: [2] Illegal string offset 'id' E:\wamp64\www\ShareBooks\Admin\Runtime\Cache\Home\105662cd2b8673263ad7cbcfc01857c9.php 第 191 行.
NOTIC: [2] Illegal string offset 'img_url' E:\wamp64\www\ShareBooks\Admin\Runtime\Cache\Home\105662cd2b8673263ad7cbcfc01857c9.php 第 198 行.
NOTIC: [2] Illegal string offset 'id' E:\wamp64\www\ShareBooks\Admin\Runtime\Cache\Home\105662cd2b8673263ad7cbcfc01857c9.php 第 191 行.
NOTIC: [2] Illegal string offset 'id' E:\wamp64\www\ShareBooks\Admin\Runtime\Cache\Home\105662cd2b8673263ad7cbcfc01857c9.php 第 191 行.
NOTIC: [2] Illegal string offset 'img_url' E:\wamp64\www\ShareBooks\Admin\Runtime\Cache\Home\105662cd2b8673263ad7cbcfc01857c9.php 第 198 行.
INFO: Run Behavior\ParseTemplateBehavior [ RunTime:0.037990s ]
INFO: [ view_parse ] --END-- [ RunTime:0.038150s ]
INFO: [ view_filter ] --START--
INFO: Run Behavior\WriteHtmlCacheBehavior [ RunTime:0.000515s ]
INFO: [ view_filter ] --END-- [ RunTime:0.000651s ]
INFO: [ app_end ] --START--
INFO: Run Behavior\ShowPageTraceBehavior [ RunTime:0.001003s ]
INFO: [ app_end ] --END-- [ RunTime:0.001230s ]

[ 2017-05-16T11:23:06+08:00 ] ::1 /ShareBooks/admin.php/Home/Login/login.html
INFO: [ app_init ] --START--
INFO: Run Behavior\BuildLiteBehavior [ RunTime:0.000025s ]
INFO: [ app_init ] --END-- [ RunTime:0.000389s ]
INFO: [ app_begin ] --START--
INFO: Run Behavior\ReadHtmlCacheBehavior [ RunTime:0.000393s ]
INFO: [ app_begin ] --END-- [ RunTime:0.000504s ]
INFO: [ view_parse ] --START--
INFO: [ template_filter ] --START--
INFO: Run Behavior\ContentReplaceBehavior [ RunTime:0.000098s ]
INFO: [ template_filter ] --END-- [ RunTime:0.000245s ]
INFO: Run Behavior\ParseTemplateBehavior [ RunTime:0.019872s ]
INFO: [ view_parse ] --END-- [ RunTime:0.019999s ]
INFO: [ view_filter ] --START--
INFO: Run Behavior\WriteHtmlCacheBehavior [ RunTime:0.000318s ]
INFO: [ view_filter ] --END-- [ RunTime:0.000415s ]
INFO: [ app_end ] --START--
INFO: Run Behavior\ShowPageTraceBehavior [ RunTime:0.000376s ]
INFO: [ app_end ] --END-- [ RunTime:0.000476s ]

[ 2017-05-16T11:23:09+08:00 ] ::1 /ShareBooks/admin.php/Home/Login/checkAdmin.html
INFO: [ app_init ] --START--
INFO: Run Behavior\BuildLiteBehavior [ RunTime:0.000022s ]
INFO: [ app_init ] --END-- [ RunTime:0.000346s ]
INFO: [ app_begin ] --START--
INFO: Run Behavior\ReadHtmlCacheBehavior [ RunTime:0.000342s ]
INFO: [ app_begin ] --END-- [ RunTime:0.000430s ]
SQL: SHOW COLUMNS FROM `admin` [ RunTime:0.0620s ]
SQL: SELECT * FROM `admin` WHERE ( username='admin' and password='1234' )  [ RunTime:0.0003s ]

[ 2017-05-16T11:23:09+08:00 ] ::1 /ShareBooks/admin.php/Home/Manage/manage.html
INFO: [ app_init ] --START--
INFO: Run Behavior\BuildLiteBehavior [ RunTime:0.000023s ]
INFO: [ app_init ] --END-- [ RunTime:0.000373s ]
INFO: [ app_begin ] --START--
INFO: Run Behavior\ReadHtmlCacheBehavior [ RunTime:0.000366s ]
INFO: [ app_begin ] --END-- [ RunTime:0.000486s ]
SQL: SHOW COLUMNS FROM `notice` [ RunTime:0.0011s ]
SQL: SELECT * FROM `notice`  [ RunTime:0.0004s ]
SQL: SHOW COLUMNS FROM `upload_img` [ RunTime:0.0011s ]
SQL: SELECT * FROM `upload_img` ORDER BY create_time desc  [ RunTime:0.0004s ]
SQL: SHOW COLUMNS FROM `zx_img` [ RunTime:0.0007s ]
SQL: SELECT * FROM `zx_img` ORDER BY zx_id desc LIMIT 1   [ RunTime:0.0003s ]
SQL: select a.*,b.*,c.* from zx_img a,zx_books b,categories c where a.zx_id = b.zx_id and b.catid = c.catid [ RunTime:0.0012s ]
SQL: SHOW COLUMNS FROM `categories` [ RunTime:0.0005s ]
SQL: SELECT * FROM `categories`  [ RunTime:0.0002s ]
SQL: SHOW COLUMNS FROM `sb_img` [ RunTime:0.0007s ]
SQL: SELECT * FROM `sb_img` ORDER BY create_time desc  [ RunTime:0.0004s ]
SQL: SELECT * FROM `categories`  [ RunTime:0.0003s ]
INFO: [ view_parse ] --START--
INFO: [ template_filter ] --START--
INFO: Run Behavior\ContentReplaceBehavior [ RunTime:0.000231s ]
INFO: [ template_filter ] --END-- [ RunTime:0.000368s ]
NOTIC: [2] Illegal string offset 'id' E:\wamp64\www\ShareBooks\Admin\Runtime\Cache\Home\105662cd2b8673263ad7cbcfc01857c9.php 第 191 行.
NOTIC: [2] Illegal string offset 'id' E:\wamp64\www\ShareBooks\Admin\Runtime\Cache\Home\105662cd2b8673263ad7cbcfc01857c9.php 第 191 行.
NOTIC: [2] Illegal string offset 'img_url' E:\wamp64\www\ShareBooks\Admin\Runtime\Cache\Home\105662cd2b8673263ad7cbcfc01857c9.php 第 198 行.
NOTIC: [2] Illegal string offset 'id' E:\wamp64\www\ShareBooks\Admin\Runtime\Cache\Home\105662cd2b8673263ad7cbcfc01857c9.php 第 191 行.
NOTIC: [2] Illegal string offset 'id' E:\wamp64\www\ShareBooks\Admin\Runtime\Cache\Home\105662cd2b8673263ad7cbcfc01857c9.php 第 191 行.
NOTIC: [2] Illegal string offset 'img_url' E:\wamp64\www\ShareBooks\Admin\Runtime\Cache\Home\105662cd2b8673263ad7cbcfc01857c9.php 第 198 行.
NOTIC: [2] Illegal string offset 'id' E:\wamp64\www\ShareBooks\Admin\Runtime\Cache\Home\105662cd2b8673263ad7cbcfc01857c9.php 第 191 行.
NOTIC: [2] Illegal string offset 'id' E:\wamp64\www\ShareBooks\Admin\Runtime\Cache\Home\105662cd2b8673263ad7cbcfc01857c9.php 第 191 行.
NOTIC: [2] Illegal string offset 'img_url' E:\wamp64\www\ShareBooks\Admin\Runtime\Cache\Home\105662cd2b8673263ad7cbcfc01857c9.php 第 198 行.
NOTIC: [2] Illegal string offset 'id' E:\wamp64\www\ShareBooks\Admin\Runtime\Cache\Home\105662cd2b8673263ad7cbcfc01857c9.php 第 191 行.
NOTIC: [2] Illegal string offset 'id' E:\wamp64\www\ShareBooks\Admin\Runtime\Cache\Home\105662cd2b8673263ad7cbcfc01857c9.php 第 191 行.
NOTIC: [2] Illegal string offset 'img_url' E:\wamp64\www\ShareBooks\Admin\Runtime\Cache\Home\105662cd2b8673263ad7cbcfc01857c9.php 第 198 行.
INFO: Run Behavior\ParseTemplateBehavior [ RunTime:0.029291s ]
INFO: [ view_parse ] --END-- [ RunTime:0.029450s ]
INFO: [ view_filter ] --START--
INFO: Run Behavior\WriteHtmlCacheBehavior [ RunTime:0.000504s ]
INFO: [ view_filter ] --END-- [ RunTime:0.000654s ]
INFO: [ app_end ] --START--
INFO: Run Behavior\ShowPageTraceBehavior [ RunTime:0.000620s ]
INFO: [ app_end ] --END-- [ RunTime:0.000829s ]

[ 2017-05-16T11:28:37+08:00 ] ::1 /ShareBooks/admin.php/Home/Manage/deleteNotice.html
INFO: [ app_init ] --START--
INFO: Run Behavior\BuildLiteBehavior [ RunTime:0.000023s ]
INFO: [ app_init ] --END-- [ RunTime:0.000381s ]
INFO: [ app_begin ] --START--
INFO: Run Behavior\ReadHtmlCacheBehavior [ RunTime:0.000388s ]
INFO: [ app_begin ] --END-- [ RunTime:0.000480s ]
SQL: SHOW COLUMNS FROM `notice` [ RunTime:0.0007s ]
SQL: DELETE FROM `notice` WHERE ( notice_content='
                                       我是最新的                                        ' ) [ RunTime:0.0004s ]

