[ 2017-04-29T00:45:59+08:00 ] ::1 /ShareBooks/admin.php/Home/Manage/manage
INFO: [ app_init ] --START--
INFO: Run Behavior\BuildLiteBehavior [ RunTime:0.000030s ]
INFO: [ app_init ] --END-- [ RunTime:0.000468s ]
INFO: [ app_begin ] --START--
INFO: Run Behavior\ReadHtmlCacheBehavior [ RunTime:0.000544s ]
INFO: [ app_begin ] --END-- [ RunTime:0.000660s ]
SQL: SHOW COLUMNS FROM `notice` [ RunTime:0.0009s ]
SQL: SELECT * FROM `notice`  [ RunTime:0.0003s ]
SQL: SHOW COLUMNS FROM `upload_img` [ RunTime:0.0005s ]
SQL: SELECT * FROM `upload_img` ORDER BY create_time desc  [ RunTime:0.0003s ]
SQL: SHOW COLUMNS FROM `zx_img` [ RunTime:0.0006s ]
SQL: SELECT * FROM `zx_img` ORDER BY zx_id desc LIMIT 1   [ RunTime:0.0003s ]
SQL: select a.*,b.*,c.* from zx_img a,zx_books b,categories c where a.zx_id = b.zx_id and b.catid = c.catid [ RunTime:0.0005s ]
SQL: SHOW COLUMNS FROM `categories` [ RunTime:0.0004s ]
SQL: SELECT * FROM `categories`  [ RunTime:0.0002s ]
SQL: SHOW COLUMNS FROM `sb_img` [ RunTime:0.0007s ]
SQL: SELECT * FROM `sb_img` ORDER BY create_time desc  [ RunTime:0.0003s ]
SQL: SELECT * FROM `categories`  [ RunTime:0.0002s ]
INFO: [ view_parse ] --START--
INFO: [ template_filter ] --START--
INFO: Run Behavior\ContentReplaceBehavior [ RunTime:0.000205s ]
INFO: [ template_filter ] --END-- [ RunTime:0.000336s ]
NOTIC: [2] Illegal string offset 'id' E:\wamp64\www\ShareBooks\Admin\Runtime\Cache\Home\105662cd2b8673263ad7cbcfc01857c9.php 第 191 行.
NOTIC: [2] Illegal string offset 'id' E:\wamp64\www\ShareBooks\Admin\Runtime\Cache\Home\105662cd2b8673263ad7cbcfc01857c9.php 第 191 行.
NOTIC: [2] Illegal string offset 'img_url' E:\wamp64\www\ShareBooks\Admin\Runtime\Cache\Home\105662cd2b8673263ad7cbcfc01857c9.php 第 198 行.
NOTIC: [2] Illegal string offset 'id' E:\wamp64\www\ShareBooks\Admin\Runtime\Cache\Home\105662cd2b8673263ad7cbcfc01857c9.php 第 191 行.
NOTIC: [2] Illegal string offset 'id' E:\wamp64\www\ShareBooks\Admin\Runtime\Cache\Home\105662cd2b8673263ad7cbcfc01857c9.php 第 191 行.
NOTIC: [2] Illegal string offset 'img_url' E:\wamp64\www\ShareBooks\Admin\Runtime\Cache\Home\105662cd2b8673263ad7cbcfc01857c9.php 第 198 行.
NOTIC: [2] Illegal string offset 'id' E:\wamp64\www\ShareBooks\Admin\Runtime\Cache\Home\105662cd2b8673263ad7cbcfc01857c9.php 第 191 行.
NOTIC: [2] Illegal string offset 'id' E:\wamp64\www\ShareBooks\Admin\Runtime\Cache\Home\105662cd2b8673263ad7cbcfc01857c9.php 第 191 行.
NOTIC: [2] Illegal string offset 'img_url' E:\wamp64\www\ShareBooks\Admin\Runtime\Cache\Home\105662cd2b8673263ad7cbcfc01857c9.php 第 198 行.
NOTIC: [2] Illegal string offset 'id' E:\wamp64\www\ShareBooks\Admin\Runtime\Cache\Home\105662cd2b8673263ad7cbcfc01857c9.php 第 191 行.
NOTIC: [2] Illegal string offset 'id' E:\wamp64\www\ShareBooks\Admin\Runtime\Cache\Home\105662cd2b8673263ad7cbcfc01857c9.php 第 191 行.
NOTIC: [2] Illegal string offset 'img_url' E:\wamp64\www\ShareBooks\Admin\Runtime\Cache\Home\105662cd2b8673263ad7cbcfc01857c9.php 第 198 行.
INFO: Run Behavior\ParseTemplateBehavior [ RunTime:0.025677s ]
INFO: [ view_parse ] --END-- [ RunTime:0.025786s ]
INFO: [ view_filter ] --START--
INFO: Run Behavior\WriteHtmlCacheBehavior [ RunTime:0.000396s ]
INFO: [ view_filter ] --END-- [ RunTime:0.000530s ]
INFO: [ app_end ] --START--
INFO: Run Behavior\ShowPageTraceBehavior [ RunTime:0.000884s ]
INFO: [ app_end ] --END-- [ RunTime:0.001159s ]

[ 2017-04-29T00:46:29+08:00 ] ::1 /ShareBooks/admin.php/Home/Manage/index.html
INFO: [ app_init ] --START--
INFO: Run Behavior\BuildLiteBehavior [ RunTime:0.000024s ]
INFO: [ app_init ] --END-- [ RunTime:0.000429s ]
INFO: [ app_begin ] --START--
INFO: Run Behavior\ReadHtmlCacheBehavior [ RunTime:0.000547s ]
INFO: [ app_begin ] --END-- [ RunTime:0.000651s ]
ERR: 非法操作:index

