[ 2017-05-15T14:41:52+08:00 ] ::1 /ShareBooks/admin.php/Home/Manage/manage.html
INFO: [ app_init ] --START--
INFO: Run Behavior\BuildLiteBehavior [ RunTime:0.000026s ]
INFO: [ app_init ] --END-- [ RunTime:0.001049s ]
INFO: [ app_begin ] --START--
INFO: Run Behavior\ReadHtmlCacheBehavior [ RunTime:0.000684s ]
INFO: [ app_begin ] --END-- [ RunTime:0.000792s ]
SQL: SHOW COLUMNS FROM `notice` [ RunTime:0.0243s ]
SQL: SELECT * FROM `notice`  [ RunTime:0.0004s ]
SQL: SHOW COLUMNS FROM `upload_img` [ RunTime:0.0017s ]
SQL: SELECT * FROM `upload_img` ORDER BY create_time desc  [ RunTime:0.0191s ]
SQL: SHOW COLUMNS FROM `zx_img` [ RunTime:0.0007s ]
SQL: SELECT * FROM `zx_img` ORDER BY zx_id desc LIMIT 1   [ RunTime:0.0004s ]
SQL: select a.*,b.*,c.* from zx_img a,zx_books b,categories c where a.zx_id = b.zx_id and b.catid = c.catid [ RunTime:0.0007s ]
SQL: SHOW COLUMNS FROM `categories` [ RunTime:0.0006s ]
SQL: SELECT * FROM `categories`  [ RunTime:0.0002s ]
SQL: SHOW COLUMNS FROM `sb_img` [ RunTime:0.0006s ]
SQL: SELECT * FROM `sb_img` ORDER BY create_time desc  [ RunTime:0.0003s ]
SQL: SELECT * FROM `categories`  [ RunTime:0.0002s ]
INFO: [ view_parse ] --START--
INFO: [ template_filter ] --START--
INFO: Run Behavior\ContentReplaceBehavior [ RunTime:0.000249s ]
INFO: [ template_filter ] --END-- [ RunTime:0.000373s ]
NOTIC: [2] Illegal string offset 'id' E:\wamp64\www\ShareBooks\Admin\Runtime\Cache\Home\105662cd2b8673263ad7cbcfc01857c9.php 第 191 行.
NOTIC: [2] Illegal string offset 'id' E:\wamp64\www\ShareBooks\Admin\Runtime\Cache\Home\105662cd2b8673263ad7cbcfc01857c9.php 第 191 行.
NOTIC: [2] Illegal string offset 'img_url' E:\wamp64\www\ShareBooks\Admin\Runtime\Cache\Home\105662cd2b8673263ad7cbcfc01857c9.php 第 198 行.
NOTIC: [2] Illegal string offset 'id' E:\wamp64\www\ShareBooks\Admin\Runtime\Cache\Home\105662cd2b8673263ad7cbcfc01857c9.php 第 191 行.
NOTIC: [2] Illegal string offset 'id' E:\wamp64\www\ShareBooks\Admin\Runtime\Cache\Home\105662cd2b8673263ad7cbcfc01857c9.php 第 191 行.
NOTIC: [2] Illegal string offset 'img_url' E:\wamp64\www\ShareBooks\Admin\Runtime\Cache\Home\105662cd2b8673263ad7cbcfc01857c9.php 第 198 行.
NOTIC: [2] Illegal string offset 'id' E:\wamp64\www\ShareBooks\Admin\Runtime\Cache\Home\105662cd2b8673263ad7cbcfc01857c9.php 第 191 行.
NOTIC: [2] Illegal string offset 'id' E:\wamp64\www\ShareBooks\Admin\Runtime\Cache\Home\105662cd2b8673263ad7cbcfc01857c9.php 第 191 行.
NOTIC: [2] Illegal string offset 'img_url' E:\wamp64\www\ShareBooks\Admin\Runtime\Cache\Home\105662cd2b8673263ad7cbcfc01857c9.php 第 198 行.
NOTIC: [2] Illegal string offset 'id' E:\wamp64\www\ShareBooks\Admin\Runtime\Cache\Home\105662cd2b8673263ad7cbcfc01857c9.php 第 191 行.
NOTIC: [2] Illegal string offset 'id' E:\wamp64\www\ShareBooks\Admin\Runtime\Cache\Home\105662cd2b8673263ad7cbcfc01857c9.php 第 191 行.
NOTIC: [2] Illegal string offset 'img_url' E:\wamp64\www\ShareBooks\Admin\Runtime\Cache\Home\105662cd2b8673263ad7cbcfc01857c9.php 第 198 行.
INFO: Run Behavior\ParseTemplateBehavior [ RunTime:0.123692s ]
INFO: [ view_parse ] --END-- [ RunTime:0.123827s ]
INFO: [ view_filter ] --START--
INFO: Run Behavior\WriteHtmlCacheBehavior [ RunTime:0.000585s ]
INFO: [ view_filter ] --END-- [ RunTime:0.000714s ]
INFO: [ app_end ] --START--
INFO: Run Behavior\ShowPageTraceBehavior [ RunTime:0.001329s ]
INFO: [ app_end ] --END-- [ RunTime:0.001460s ]

[ 2017-05-15T14:41:55+08:00 ] ::1 /ShareBooks/admin.php/Home/Login/login.html
INFO: [ app_init ] --START--
INFO: Run Behavior\BuildLiteBehavior [ RunTime:0.000044s ]
INFO: [ app_init ] --END-- [ RunTime:0.000820s ]
INFO: [ app_begin ] --START--
INFO: Run Behavior\ReadHtmlCacheBehavior [ RunTime:0.000509s ]
INFO: [ app_begin ] --END-- [ RunTime:0.000624s ]
INFO: [ view_parse ] --START--
INFO: [ template_filter ] --START--
INFO: Run Behavior\ContentReplaceBehavior [ RunTime:0.000105s ]
INFO: [ template_filter ] --END-- [ RunTime:0.000241s ]
INFO: Run Behavior\ParseTemplateBehavior [ RunTime:0.028596s ]
INFO: [ view_parse ] --END-- [ RunTime:0.028722s ]
INFO: [ view_filter ] --START--
INFO: Run Behavior\WriteHtmlCacheBehavior [ RunTime:0.000227s ]
INFO: [ view_filter ] --END-- [ RunTime:0.000321s ]
INFO: [ app_end ] --START--
INFO: Run Behavior\ShowPageTraceBehavior [ RunTime:0.000357s ]
INFO: [ app_end ] --END-- [ RunTime:0.000463s ]

[ 2017-05-15T14:41:57+08:00 ] ::1 /ShareBooks/admin.php/Home/Login/checkAdmin.html
INFO: [ app_init ] --START--
INFO: Run Behavior\BuildLiteBehavior [ RunTime:0.000041s ]
INFO: [ app_init ] --END-- [ RunTime:0.000545s ]
INFO: [ app_begin ] --START--
INFO: Run Behavior\ReadHtmlCacheBehavior [ RunTime:0.000613s ]
INFO: [ app_begin ] --END-- [ RunTime:0.000779s ]
SQL: SHOW COLUMNS FROM `admin` [ RunTime:0.0558s ]
SQL: SELECT * FROM `admin` WHERE ( username='admin' and password='1234' )  [ RunTime:0.0005s ]

[ 2017-05-15T14:41:57+08:00 ] ::1 /ShareBooks/admin.php/Home/Manage/manage.html
INFO: [ app_init ] --START--
INFO: Run Behavior\BuildLiteBehavior [ RunTime:0.000026s ]
INFO: [ app_init ] --END-- [ RunTime:0.000403s ]
INFO: [ app_begin ] --START--
INFO: Run Behavior\ReadHtmlCacheBehavior [ RunTime:0.000557s ]
INFO: [ app_begin ] --END-- [ RunTime:0.000695s ]
SQL: SHOW COLUMNS FROM `notice` [ RunTime:0.0061s ]
SQL: SELECT * FROM `notice`  [ RunTime:0.0004s ]
SQL: SHOW COLUMNS FROM `upload_img` [ RunTime:0.0008s ]
SQL: SELECT * FROM `upload_img` ORDER BY create_time desc  [ RunTime:0.0005s ]
SQL: SHOW COLUMNS FROM `zx_img` [ RunTime:0.0007s ]
SQL: SELECT * FROM `zx_img` ORDER BY zx_id desc LIMIT 1   [ RunTime:0.0003s ]
SQL: select a.*,b.*,c.* from zx_img a,zx_books b,categories c where a.zx_id = b.zx_id and b.catid = c.catid [ RunTime:0.0027s ]
SQL: SHOW COLUMNS FROM `categories` [ RunTime:0.0005s ]
SQL: SELECT * FROM `categories`  [ RunTime:0.0003s ]
SQL: SHOW COLUMNS FROM `sb_img` [ RunTime:0.0005s ]
SQL: SELECT * FROM `sb_img` ORDER BY create_time desc  [ RunTime:0.0003s ]
SQL: SELECT * FROM `categories`  [ RunTime:0.0002s ]
INFO: [ view_parse ] --START--
INFO: [ template_filter ] --START--
INFO: Run Behavior\ContentReplaceBehavior [ RunTime:0.000241s ]
INFO: [ template_filter ] --END-- [ RunTime:0.000372s ]
NOTIC: [2] Illegal string offset 'id' E:\wamp64\www\ShareBooks\Admin\Runtime\Cache\Home\105662cd2b8673263ad7cbcfc01857c9.php 第 191 行.
NOTIC: [2] Illegal string offset 'id' E:\wamp64\www\ShareBooks\Admin\Runtime\Cache\Home\105662cd2b8673263ad7cbcfc01857c9.php 第 191 行.
NOTIC: [2] Illegal string offset 'img_url' E:\wamp64\www\ShareBooks\Admin\Runtime\Cache\Home\105662cd2b8673263ad7cbcfc01857c9.php 第 198 行.
NOTIC: [2] Illegal string offset 'id' E:\wamp64\www\ShareBooks\Admin\Runtime\Cache\Home\105662cd2b8673263ad7cbcfc01857c9.php 第 191 行.
NOTIC: [2] Illegal string offset 'id' E:\wamp64\www\ShareBooks\Admin\Runtime\Cache\Home\105662cd2b8673263ad7cbcfc01857c9.php 第 191 行.
NOTIC: [2] Illegal string offset 'img_url' E:\wamp64\www\ShareBooks\Admin\Runtime\Cache\Home\105662cd2b8673263ad7cbcfc01857c9.php 第 198 行.
NOTIC: [2] Illegal string offset 'id' E:\wamp64\www\ShareBooks\Admin\Runtime\Cache\Home\105662cd2b8673263ad7cbcfc01857c9.php 第 191 行.
NOTIC: [2] Illegal string offset 'id' E:\wamp64\www\ShareBooks\Admin\Runtime\Cache\Home\105662cd2b8673263ad7cbcfc01857c9.php 第 191 行.
NOTIC: [2] Illegal string offset 'img_url' E:\wamp64\www\ShareBooks\Admin\Runtime\Cache\Home\105662cd2b8673263ad7cbcfc01857c9.php 第 198 行.
NOTIC: [2] Illegal string offset 'id' E:\wamp64\www\ShareBooks\Admin\Runtime\Cache\Home\105662cd2b8673263ad7cbcfc01857c9.php 第 191 行.
NOTIC: [2] Illegal string offset 'id' E:\wamp64\www\ShareBooks\Admin\Runtime\Cache\Home\105662cd2b8673263ad7cbcfc01857c9.php 第 191 行.
NOTIC: [2] Illegal string offset 'img_url' E:\wamp64\www\ShareBooks\Admin\Runtime\Cache\Home\105662cd2b8673263ad7cbcfc01857c9.php 第 198 行.
INFO: Run Behavior\ParseTemplateBehavior [ RunTime:0.030309s ]
INFO: [ view_parse ] --END-- [ RunTime:0.030441s ]
INFO: [ view_filter ] --START--
INFO: Run Behavior\WriteHtmlCacheBehavior [ RunTime:0.000295s ]
INFO: [ view_filter ] --END-- [ RunTime:0.000399s ]
INFO: [ app_end ] --START--
INFO: Run Behavior\ShowPageTraceBehavior [ RunTime:0.001058s ]
INFO: [ app_end ] --END-- [ RunTime:0.001317s ]

[ 2017-05-15T14:42:26+08:00 ] ::1 /ShareBooks/admin.php/Home/Manage/deleteNotice.html
INFO: [ app_init ] --START--
INFO: Run Behavior\BuildLiteBehavior [ RunTime:0.000024s ]
INFO: [ app_init ] --END-- [ RunTime:0.000456s ]
INFO: [ app_begin ] --START--
INFO: Run Behavior\ReadHtmlCacheBehavior [ RunTime:0.000379s ]
INFO: [ app_begin ] --END-- [ RunTime:0.000477s ]
SQL: SHOW COLUMNS FROM `notice` [ RunTime:0.0111s ]
SQL: DELETE FROM `notice` WHERE ( notice_content='
                                       shenm gui                                         ' ) [ RunTime:0.0003s ]

[ 2017-05-15T14:42:34+08:00 ] ::1 /ShareBooks/admin.php/Home/Manage/manage.html
INFO: [ app_init ] --START--
INFO: Run Behavior\BuildLiteBehavior [ RunTime:0.000025s ]
INFO: [ app_init ] --END-- [ RunTime:0.000394s ]
INFO: [ app_begin ] --START--
INFO: Run Behavior\ReadHtmlCacheBehavior [ RunTime:0.000489s ]
INFO: [ app_begin ] --END-- [ RunTime:0.000607s ]
SQL: SHOW COLUMNS FROM `notice` [ RunTime:0.0125s ]
SQL: SELECT * FROM `notice`  [ RunTime:0.0005s ]
SQL: SHOW COLUMNS FROM `upload_img` [ RunTime:0.0007s ]
SQL: SELECT * FROM `upload_img` ORDER BY create_time desc  [ RunTime:0.0003s ]
SQL: SHOW COLUMNS FROM `zx_img` [ RunTime:0.0006s ]
SQL: SELECT * FROM `zx_img` ORDER BY zx_id desc LIMIT 1   [ RunTime:0.0003s ]
SQL: select a.*,b.*,c.* from zx_img a,zx_books b,categories c where a.zx_id = b.zx_id and b.catid = c.catid [ RunTime:0.0083s ]
SQL: SHOW COLUMNS FROM `categories` [ RunTime:0.0005s ]
SQL: SELECT * FROM `categories`  [ RunTime:0.0002s ]
SQL: SHOW COLUMNS FROM `sb_img` [ RunTime:0.0006s ]
SQL: SELECT * FROM `sb_img` ORDER BY create_time desc  [ RunTime:0.0005s ]
SQL: SELECT * FROM `categories`  [ RunTime:0.0002s ]
INFO: [ view_parse ] --START--
INFO: [ template_filter ] --START--
INFO: Run Behavior\ContentReplaceBehavior [ RunTime:0.000244s ]
INFO: [ template_filter ] --END-- [ RunTime:0.000374s ]
NOTIC: [2] Illegal string offset 'id' E:\wamp64\www\ShareBooks\Admin\Runtime\Cache\Home\105662cd2b8673263ad7cbcfc01857c9.php 第 191 行.
NOTIC: [2] Illegal string offset 'id' E:\wamp64\www\ShareBooks\Admin\Runtime\Cache\Home\105662cd2b8673263ad7cbcfc01857c9.php 第 191 行.
NOTIC: [2] Illegal string offset 'img_url' E:\wamp64\www\ShareBooks\Admin\Runtime\Cache\Home\105662cd2b8673263ad7cbcfc01857c9.php 第 198 行.
NOTIC: [2] Illegal string offset 'id' E:\wamp64\www\ShareBooks\Admin\Runtime\Cache\Home\105662cd2b8673263ad7cbcfc01857c9.php 第 191 行.
NOTIC: [2] Illegal string offset 'id' E:\wamp64\www\ShareBooks\Admin\Runtime\Cache\Home\105662cd2b8673263ad7cbcfc01857c9.php 第 191 行.
NOTIC: [2] Illegal string offset 'img_url' E:\wamp64\www\ShareBooks\Admin\Runtime\Cache\Home\105662cd2b8673263ad7cbcfc01857c9.php 第 198 行.
NOTIC: [2] Illegal string offset 'id' E:\wamp64\www\ShareBooks\Admin\Runtime\Cache\Home\105662cd2b8673263ad7cbcfc01857c9.php 第 191 行.
NOTIC: [2] Illegal string offset 'id' E:\wamp64\www\ShareBooks\Admin\Runtime\Cache\Home\105662cd2b8673263ad7cbcfc01857c9.php 第 191 行.
NOTIC: [2] Illegal string offset 'img_url' E:\wamp64\www\ShareBooks\Admin\Runtime\Cache\Home\105662cd2b8673263ad7cbcfc01857c9.php 第 198 行.
NOTIC: [2] Illegal string offset 'id' E:\wamp64\www\ShareBooks\Admin\Runtime\Cache\Home\105662cd2b8673263ad7cbcfc01857c9.php 第 191 行.
NOTIC: [2] Illegal string offset 'id' E:\wamp64\www\ShareBooks\Admin\Runtime\Cache\Home\105662cd2b8673263ad7cbcfc01857c9.php 第 191 行.
NOTIC: [2] Illegal string offset 'img_url' E:\wamp64\www\ShareBooks\Admin\Runtime\Cache\Home\105662cd2b8673263ad7cbcfc01857c9.php 第 198 行.
INFO: Run Behavior\ParseTemplateBehavior [ RunTime:0.038731s ]
INFO: [ view_parse ] --END-- [ RunTime:0.038848s ]
INFO: [ view_filter ] --START--
INFO: Run Behavior\WriteHtmlCacheBehavior [ RunTime:0.000306s ]
INFO: [ view_filter ] --END-- [ RunTime:0.000400s ]
INFO: [ app_end ] --START--
INFO: Run Behavior\ShowPageTraceBehavior [ RunTime:0.000565s ]
INFO: [ app_end ] --END-- [ RunTime:0.000740s ]

[ 2017-05-15T15:58:55+08:00 ] ::1 /ShareBooks/admin.php/Home/Manage/logout.html
INFO: [ app_init ] --START--
INFO: Run Behavior\BuildLiteBehavior [ RunTime:0.000023s ]
INFO: [ app_init ] --END-- [ RunTime:0.000382s ]
INFO: [ app_begin ] --START--
INFO: Run Behavior\ReadHtmlCacheBehavior [ RunTime:0.000821s ]
INFO: [ app_begin ] --END-- [ RunTime:0.001013s ]
INFO: [ view_parse ] --START--
INFO: [ template_filter ] --START--
INFO: Run Behavior\ContentReplaceBehavior [ RunTime:0.000079s ]
INFO: [ template_filter ] --END-- [ RunTime:0.000191s ]
INFO: Run Behavior\ParseTemplateBehavior [ RunTime:0.005683s ]
INFO: [ view_parse ] --END-- [ RunTime:0.005804s ]
INFO: [ view_filter ] --START--
INFO: Run Behavior\WriteHtmlCacheBehavior [ RunTime:0.000210s ]
INFO: [ view_filter ] --END-- [ RunTime:0.000347s ]
INFO: [ app_end ] --START--
INFO: Run Behavior\ShowPageTraceBehavior [ RunTime:0.000388s ]
INFO: [ app_end ] --END-- [ RunTime:0.000516s ]

[ 2017-05-15T15:58:56+08:00 ] ::1 /ShareBooks/admin.php/Home/Login/login.html
INFO: [ app_init ] --START--
INFO: Run Behavior\BuildLiteBehavior [ RunTime:0.000024s ]
INFO: [ app_init ] --END-- [ RunTime:0.000374s ]
INFO: [ app_begin ] --START--
INFO: Run Behavior\ReadHtmlCacheBehavior [ RunTime:0.000402s ]
INFO: [ app_begin ] --END-- [ RunTime:0.000513s ]
INFO: [ view_parse ] --START--
INFO: [ template_filter ] --START--
INFO: Run Behavior\ContentReplaceBehavior [ RunTime:0.000179s ]
INFO: [ template_filter ] --END-- [ RunTime:0.000345s ]
INFO: Run Behavior\ParseTemplateBehavior [ RunTime:0.006064s ]
INFO: [ view_parse ] --END-- [ RunTime:0.006182s ]
INFO: [ view_filter ] --START--
INFO: Run Behavior\WriteHtmlCacheBehavior [ RunTime:0.000287s ]
INFO: [ view_filter ] --END-- [ RunTime:0.000386s ]
INFO: [ app_end ] --START--
INFO: Run Behavior\ShowPageTraceBehavior [ RunTime:0.000447s ]
INFO: [ app_end ] --END-- [ RunTime:0.000549s ]

[ 2017-05-15T15:59:01+08:00 ] ::1 /ShareBooks/admin.php/Home/Login/signData.html
INFO: [ app_init ] --START--
INFO: Run Behavior\BuildLiteBehavior [ RunTime:0.000024s ]
INFO: [ app_init ] --END-- [ RunTime:0.000410s ]
INFO: [ app_begin ] --START--
INFO: Run Behavior\ReadHtmlCacheBehavior [ RunTime:0.000440s ]
INFO: [ app_begin ] --END-- [ RunTime:0.000571s ]
NOTIC: [8] Undefined index: pwd E:\wamp64\www\ShareBooks\Admin\Home\Controller\LoginController.class.php 第 12 行.
SQL: SHOW COLUMNS FROM `admin` [ RunTime:0.0010s ]
SQL: SELECT * FROM `admin` WHERE ( username='user2' )  [ RunTime:0.0003s ]

[ 2017-05-15T15:59:07+08:00 ] ::1 /ShareBooks/admin.php/Home/Login/signData.html
INFO: [ app_init ] --START--
INFO: Run Behavior\BuildLiteBehavior [ RunTime:0.000021s ]
INFO: [ app_init ] --END-- [ RunTime:0.000376s ]
INFO: [ app_begin ] --START--
INFO: Run Behavior\ReadHtmlCacheBehavior [ RunTime:0.000369s ]
INFO: [ app_begin ] --END-- [ RunTime:0.000470s ]
NOTIC: [8] Undefined index: pwd E:\wamp64\www\ShareBooks\Admin\Home\Controller\LoginController.class.php 第 12 行.
SQL: SHOW COLUMNS FROM `admin` [ RunTime:0.0010s ]
SQL: SELECT * FROM `admin` WHERE ( username='user3' )  [ RunTime:0.0003s ]

