[ 2017-05-01T13:23:21+08:00 ] ::1 /ShareBooks/admin.php/Home/Manage/manage.html
INFO: [ app_init ] --START--
INFO: Run Behavior\BuildLiteBehavior [ RunTime:0.000027s ]
INFO: [ app_init ] --END-- [ RunTime:0.001045s ]
INFO: [ app_begin ] --START--
INFO: Run Behavior\ReadHtmlCacheBehavior [ RunTime:0.000884s ]
INFO: [ app_begin ] --END-- [ RunTime:0.001014s ]
SQL: SHOW COLUMNS FROM `notice` [ RunTime:0.1006s ]
SQL: SELECT * FROM `notice`  [ RunTime:0.0005s ]
SQL: SHOW COLUMNS FROM `upload_img` [ RunTime:0.0145s ]
SQL: SELECT * FROM `upload_img` ORDER BY create_time desc  [ RunTime:0.0096s ]
SQL: SHOW COLUMNS FROM `zx_img` [ RunTime:0.0312s ]
SQL: SELECT * FROM `zx_img` ORDER BY zx_id desc LIMIT 1   [ RunTime:0.0008s ]
SQL: select a.*,b.*,c.* from zx_img a,zx_books b,categories c where a.zx_id = b.zx_id and b.catid = c.catid [ RunTime:0.0988s ]
SQL: SHOW COLUMNS FROM `categories` [ RunTime:0.0006s ]
SQL: SELECT * FROM `categories`  [ RunTime:0.0003s ]
SQL: SHOW COLUMNS FROM `sb_img` [ RunTime:0.0212s ]
SQL: SELECT * FROM `sb_img` ORDER BY create_time desc  [ RunTime:0.0106s ]
SQL: SELECT * FROM `categories`  [ RunTime:0.0002s ]
INFO: [ view_parse ] --START--
INFO: [ template_filter ] --START--
INFO: Run Behavior\ContentReplaceBehavior [ RunTime:0.000251s ]
INFO: [ template_filter ] --END-- [ RunTime:0.000374s ]
NOTIC: [2] Illegal string offset 'id' E:\wamp64\www\ShareBooks\Admin\Runtime\Cache\Home\105662cd2b8673263ad7cbcfc01857c9.php 第 191 行.
NOTIC: [2] Illegal string offset 'id' E:\wamp64\www\ShareBooks\Admin\Runtime\Cache\Home\105662cd2b8673263ad7cbcfc01857c9.php 第 191 行.
NOTIC: [2] Illegal string offset 'img_url' E:\wamp64\www\ShareBooks\Admin\Runtime\Cache\Home\105662cd2b8673263ad7cbcfc01857c9.php 第 198 行.
NOTIC: [2] Illegal string offset 'id' E:\wamp64\www\ShareBooks\Admin\Runtime\Cache\Home\105662cd2b8673263ad7cbcfc01857c9.php 第 191 行.
NOTIC: [2] Illegal string offset 'id' E:\wamp64\www\ShareBooks\Admin\Runtime\Cache\Home\105662cd2b8673263ad7cbcfc01857c9.php 第 191 行.
NOTIC: [2] Illegal string offset 'img_url' E:\wamp64\www\ShareBooks\Admin\Runtime\Cache\Home\105662cd2b8673263ad7cbcfc01857c9.php 第 198 行.
NOTIC: [2] Illegal string offset 'id' E:\wamp64\www\ShareBooks\Admin\Runtime\Cache\Home\105662cd2b8673263ad7cbcfc01857c9.php 第 191 行.
NOTIC: [2] Illegal string offset 'id' E:\wamp64\www\ShareBooks\Admin\Runtime\Cache\Home\105662cd2b8673263ad7cbcfc01857c9.php 第 191 行.
NOTIC: [2] Illegal string offset 'img_url' E:\wamp64\www\ShareBooks\Admin\Runtime\Cache\Home\105662cd2b8673263ad7cbcfc01857c9.php 第 198 行.
NOTIC: [2] Illegal string offset 'id' E:\wamp64\www\ShareBooks\Admin\Runtime\Cache\Home\105662cd2b8673263ad7cbcfc01857c9.php 第 191 行.
NOTIC: [2] Illegal string offset 'id' E:\wamp64\www\ShareBooks\Admin\Runtime\Cache\Home\105662cd2b8673263ad7cbcfc01857c9.php 第 191 行.
NOTIC: [2] Illegal string offset 'img_url' E:\wamp64\www\ShareBooks\Admin\Runtime\Cache\Home\105662cd2b8673263ad7cbcfc01857c9.php 第 198 行.
INFO: Run Behavior\ParseTemplateBehavior [ RunTime:0.081433s ]
INFO: [ view_parse ] --END-- [ RunTime:0.081548s ]
INFO: [ view_filter ] --START--
INFO: Run Behavior\WriteHtmlCacheBehavior [ RunTime:0.000730s ]
INFO: [ view_filter ] --END-- [ RunTime:0.000854s ]
INFO: [ app_end ] --START--
INFO: Run Behavior\ShowPageTraceBehavior [ RunTime:0.001907s ]
INFO: [ app_end ] --END-- [ RunTime:0.002052s ]

[ 2017-05-01T13:23:23+08:00 ] ::1 /ShareBooks/admin.php/Home/Login/login.html
INFO: [ app_init ] --START--
INFO: Run Behavior\BuildLiteBehavior [ RunTime:0.000025s ]
INFO: [ app_init ] --END-- [ RunTime:0.000385s ]
INFO: [ app_begin ] --START--
INFO: Run Behavior\ReadHtmlCacheBehavior [ RunTime:0.000428s ]
INFO: [ app_begin ] --END-- [ RunTime:0.000538s ]
INFO: [ view_parse ] --START--
INFO: [ template_filter ] --START--
INFO: Run Behavior\ContentReplaceBehavior [ RunTime:0.000083s ]
INFO: [ template_filter ] --END-- [ RunTime:0.000203s ]
INFO: Run Behavior\ParseTemplateBehavior [ RunTime:0.015143s ]
INFO: [ view_parse ] --END-- [ RunTime:0.015273s ]
INFO: [ view_filter ] --START--
INFO: Run Behavior\WriteHtmlCacheBehavior [ RunTime:0.000298s ]
INFO: [ view_filter ] --END-- [ RunTime:0.000401s ]
INFO: [ app_end ] --START--
INFO: Run Behavior\ShowPageTraceBehavior [ RunTime:0.000439s ]
INFO: [ app_end ] --END-- [ RunTime:0.000547s ]

[ 2017-05-01T13:23:30+08:00 ] ::1 /ShareBooks/admin.php/Home/Login/signData.html
INFO: [ app_init ] --START--
INFO: Run Behavior\BuildLiteBehavior [ RunTime:0.000024s ]
INFO: [ app_init ] --END-- [ RunTime:0.000382s ]
INFO: [ app_begin ] --START--
INFO: Run Behavior\ReadHtmlCacheBehavior [ RunTime:0.000420s ]
INFO: [ app_begin ] --END-- [ RunTime:0.000572s ]
NOTIC: [8] Undefined index: pwd E:\wamp64\www\ShareBooks\Admin\Home\Controller\LoginController.class.php 第 12 行.
SQL: SHOW COLUMNS FROM `admin` [ RunTime:0.0708s ]
SQL: SELECT * FROM `admin` WHERE ( username='admin' )  [ RunTime:0.0004s ]

[ 2017-05-01T13:24:28+08:00 ] ::1 /ShareBooks/admin.php/Home/Login/checkAdmin.html
INFO: [ app_init ] --START--
INFO: Run Behavior\BuildLiteBehavior [ RunTime:0.000024s ]
INFO: [ app_init ] --END-- [ RunTime:0.000378s ]
INFO: [ app_begin ] --START--
INFO: Run Behavior\ReadHtmlCacheBehavior [ RunTime:0.000365s ]
INFO: [ app_begin ] --END-- [ RunTime:0.000460s ]
SQL: SHOW COLUMNS FROM `admin` [ RunTime:0.0009s ]
SQL: SELECT * FROM `admin` WHERE ( username='admin' and password='1234' )  [ RunTime:0.0003s ]

[ 2017-05-01T13:24:28+08:00 ] ::1 /ShareBooks/admin.php/Home/Manage/manage.html
INFO: [ app_init ] --START--
INFO: Run Behavior\BuildLiteBehavior [ RunTime:0.000025s ]
INFO: [ app_init ] --END-- [ RunTime:0.000445s ]
INFO: [ app_begin ] --START--
INFO: Run Behavior\ReadHtmlCacheBehavior [ RunTime:0.000355s ]
INFO: [ app_begin ] --END-- [ RunTime:0.000467s ]
SQL: SHOW COLUMNS FROM `notice` [ RunTime:0.0007s ]
SQL: SELECT * FROM `notice`  [ RunTime:0.0003s ]
SQL: SHOW COLUMNS FROM `upload_img` [ RunTime:0.0012s ]
SQL: SELECT * FROM `upload_img` ORDER BY create_time desc  [ RunTime:0.0003s ]
SQL: SHOW COLUMNS FROM `zx_img` [ RunTime:0.0007s ]
SQL: SELECT * FROM `zx_img` ORDER BY zx_id desc LIMIT 1   [ RunTime:0.0003s ]
SQL: select a.*,b.*,c.* from zx_img a,zx_books b,categories c where a.zx_id = b.zx_id and b.catid = c.catid [ RunTime:0.0007s ]
SQL: SHOW COLUMNS FROM `categories` [ RunTime:0.0005s ]
SQL: SELECT * FROM `categories`  [ RunTime:0.0002s ]
SQL: SHOW COLUMNS FROM `sb_img` [ RunTime:0.0006s ]
SQL: SELECT * FROM `sb_img` ORDER BY create_time desc  [ RunTime:0.0003s ]
SQL: SELECT * FROM `categories`  [ RunTime:0.0003s ]
INFO: [ view_parse ] --START--
INFO: [ template_filter ] --START--
INFO: Run Behavior\ContentReplaceBehavior [ RunTime:0.000221s ]
INFO: [ template_filter ] --END-- [ RunTime:0.000338s ]
NOTIC: [2] Illegal string offset 'id' E:\wamp64\www\ShareBooks\Admin\Runtime\Cache\Home\105662cd2b8673263ad7cbcfc01857c9.php 第 191 行.
NOTIC: [2] Illegal string offset 'id' E:\wamp64\www\ShareBooks\Admin\Runtime\Cache\Home\105662cd2b8673263ad7cbcfc01857c9.php 第 191 行.
NOTIC: [2] Illegal string offset 'img_url' E:\wamp64\www\ShareBooks\Admin\Runtime\Cache\Home\105662cd2b8673263ad7cbcfc01857c9.php 第 198 行.
NOTIC: [2] Illegal string offset 'id' E:\wamp64\www\ShareBooks\Admin\Runtime\Cache\Home\105662cd2b8673263ad7cbcfc01857c9.php 第 191 行.
NOTIC: [2] Illegal string offset 'id' E:\wamp64\www\ShareBooks\Admin\Runtime\Cache\Home\105662cd2b8673263ad7cbcfc01857c9.php 第 191 行.
NOTIC: [2] Illegal string offset 'img_url' E:\wamp64\www\ShareBooks\Admin\Runtime\Cache\Home\105662cd2b8673263ad7cbcfc01857c9.php 第 198 行.
NOTIC: [2] Illegal string offset 'id' E:\wamp64\www\ShareBooks\Admin\Runtime\Cache\Home\105662cd2b8673263ad7cbcfc01857c9.php 第 191 行.
NOTIC: [2] Illegal string offset 'id' E:\wamp64\www\ShareBooks\Admin\Runtime\Cache\Home\105662cd2b8673263ad7cbcfc01857c9.php 第 191 行.
NOTIC: [2] Illegal string offset 'img_url' E:\wamp64\www\ShareBooks\Admin\Runtime\Cache\Home\105662cd2b8673263ad7cbcfc01857c9.php 第 198 行.
NOTIC: [2] Illegal string offset 'id' E:\wamp64\www\ShareBooks\Admin\Runtime\Cache\Home\105662cd2b8673263ad7cbcfc01857c9.php 第 191 行.
NOTIC: [2] Illegal string offset 'id' E:\wamp64\www\ShareBooks\Admin\Runtime\Cache\Home\105662cd2b8673263ad7cbcfc01857c9.php 第 191 行.
NOTIC: [2] Illegal string offset 'img_url' E:\wamp64\www\ShareBooks\Admin\Runtime\Cache\Home\105662cd2b8673263ad7cbcfc01857c9.php 第 198 行.
INFO: Run Behavior\ParseTemplateBehavior [ RunTime:0.026637s ]
INFO: [ view_parse ] --END-- [ RunTime:0.026828s ]
INFO: [ view_filter ] --START--
INFO: Run Behavior\WriteHtmlCacheBehavior [ RunTime:0.000378s ]
INFO: [ view_filter ] --END-- [ RunTime:0.000480s ]
INFO: [ app_end ] --START--
INFO: Run Behavior\ShowPageTraceBehavior [ RunTime:0.000624s ]
INFO: [ app_end ] --END-- [ RunTime:0.000779s ]

[ 2017-05-01T14:55:08+08:00 ] ::1 /ShareBooks/admin.php/Home/Manage/index.html
INFO: [ app_init ] --START--
INFO: Run Behavior\BuildLiteBehavior [ RunTime:0.000024s ]
INFO: [ app_init ] --END-- [ RunTime:0.000449s ]
INFO: [ app_begin ] --START--
INFO: Run Behavior\ReadHtmlCacheBehavior [ RunTime:0.000507s ]
INFO: [ app_begin ] --END-- [ RunTime:0.000624s ]
ERR: 非法操作:index

